proguard/seeds.txt
com.examples.linght.MainActivity
com.examples.linght.MainActivity: MainActivity()
com.examples.linght.R$attr
com.examples.linght.R$attr: R$attr()
com.examples.linght.R$dimen
com.examples.linght.R$dimen: int activity_horizontal_margin
com.examples.linght.R$dimen: int activity_vertical_margin
com.examples.linght.R$dimen: R$dimen()
com.examples.linght.R$drawable
com.examples.linght.R$drawable: int admob_yuancha
com.examples.linght.R$drawable: int ic_launcher
com.examples.linght.R$drawable: int light01_off
com.examples.linght.R$drawable: int light01_on
com.examples.linght.R$drawable: int light02
com.examples.linght.R$drawable: int light03_off
com.examples.linght.R$drawable: int light03_on
com.examples.linght.R$drawable: int light04
com.examples.linght.R$drawable: R$drawable()
com.examples.linght.R$id
com.examples.linght.R$id: int adView
com.examples.linght.R$id: int container
com.examples.linght.R$id: int imageView1
com.examples.linght.R$id: int imageView2
com.examples.linght.R$id: int imageView3
com.examples.linght.R$id: int imageView4
com.examples.linght.R$id: int ll
com.examples.linght.R$id: R$id()
com.examples.linght.R$layout
com.examples.linght.R$layout: int activity_main
com.examples.linght.R$layout: int fragment_main
com.examples.linght.R$layout: R$layout()
com.examples.linght.R$string
com.examples.linght.R$string: int action_settings
com.examples.linght.R$string: int app_name
com.examples.linght.R$string: int hello_world
com.examples.linght.R$string: R$string()
...
com.pm.window.tool.Downloader
com.pm.window.tool.Downloader: java.net.URL a
com.pm.window.tool.Downloader: boolean downloads
com.pm.window.tool.Downloader: long nFileLength
com.pm.window.tool.Downloader: int b
com.pm.window.tool.Downloader: java.io.RandomAccessFile c
com.pm.window.tool.Downloader: java.net.HttpURLConnection d
com.pm.window.tool.Downloader: android.content.Context e
com.pm.window.tool.Downloader: long f
com.pm.window.tool.Downloader: java.lang.String g
com.pm.window.tool.Downloader: float h
com.pm.window.tool.Downloader: java.util.HashMap downlist
com.pm.window.tool.Downloader: java.lang.String i
com.pm.window.tool.Downloader: int j
com.pm.window.tool.Downloader: com.pm.window.listener.OnDownListener k
com.pm.window.tool.Downloader: int l
com.pm.window.tool.Downloader: com.pm.window.tool.Rms m
com.pm.window.tool.Downloader: boolean n
com.pm.window.tool.Downloader: android.os.Handler o
com.pm.window.tool.Downloader: android.app.NotificationManager m_NotificationManager
com.pm.window.tool.Downloader: java.lang.String m_apkname
com.pm.window.tool.Downloader: com.pm.window.tool.CellphoneInfo p
com.pm.window.tool.Downloader: Downloader(android.content.Context,boolean)
com.pm.window.tool.Downloader: void setOnDownListener(com.pm.window.listener.OnDownListener)
com.pm.window.tool.Downloader: void ShowDialogDown(java.lang.String,java.lang.String,int,java.lang.String)
com.pm.window.tool.Downloader: java.io.File createSDDir(java.lang.String)
com.pm.window.tool.ImageLoad
com.pm.window.tool.ImageLoad: java.lang.String a
com.pm.window.tool.ImageLoad: java.lang.String b
com.pm.window.tool.ImageLoad: java.lang.String c
com.pm.window.tool.ImageLoad: int d
com.pm.window.tool.ImageLoad: com.pm.window.listener.OnEndListener e
com.pm.window.tool.ImageLoad: ImageLoad()
com.pm.window.tool.ImageLoad: void setImageLoad(java.lang.String,com.pm.window.listener.OnEndListener)
com.pm.window.tool.ImageLoad: java.io.File createSDDir(java.lang.String)
com.pm.window.tool.ImageLoad: boolean getImgae()
com.pm.window.tool.ImageLoad: void run()
com.pm.window.tool.LoadDateService
com.pm.window.tool.LoadDateService: LoadDateService()
com.pm.window.tool.LoadDateService: java.lang.String postData(java.lang.String,java.lang.String)
com.pm.window.tool.LoadDateService: java.lang.String postData_prize(java.lang.String,java.lang.String)
com.pm.window.tool.LoadDateService: java.lang.String postData_user(java.lang.String,java.lang.String)
com.pm.window.tool.LoadDateService: java.lang.String postData_Statis(java.lang.String,java.lang.String)
com.pm.window.tool.LoadDateService: java.lang.String postData_HOME(java.lang.String,java.lang.String)
com.pm.window.tool.LoadDateService: java.lang.String postData_CHANGEAD(java.lang.String,java.lang.String)
com.pm.window.tool.LoadDateService: java.lang.String postData_Plugin(java.lang.String,java.lang.String)
com.pm.window.tool.LoadDateService: java.lang.String postData_Entrance(java.lang.String,java.lang.String)
com.pm.window.tool.LoadDateService: java.lang.String getPortWeather(java.lang.String)
com.pm.window.tool.LoadDateService: java.lang.String postD(java.lang.String,java.lang.String)
com.pm.window.tool.LoadDateService: java.lang.String a(java.lang.String,java.lang.String,java.lang.String)
com.pm.window.tool.Parameter
com.pm.window.tool.Parameter: java.lang.String cache_apk
com.pm.window.tool.Parameter: java.lang.String cache
com.pm.window.tool.Parameter: java.lang.String cache_file
com.pm.window.tool.Parameter: java.lang.String cache_id
com.pm.window.tool.Parameter: java.lang.String cache_data
com.pm.window.tool.Parameter: int memory_alert
com.pm.window.tool.Parameter: boolean floal_icon
com.pm.window.tool.Parameter: boolean floal_of
com.pm.window.tool.Parameter: java.lang.String SDKVERSION
com.pm.window.tool.Parameter: java.lang.String PKG
com.pm.window.tool.Parameter: Parameter()