proguard/mapping.txt
com.examples.linght.MainActivity -> com.examples.linght.MainActivity:
    boolean isopent -> b
    android.hardware.Camera camera -> c
    android.hardware.Camera$Parameters params -> a
    android.widget.ImageView off_on -> d
    android.widget.ImageView light_on -> e
    void onCreate(android.os.Bundle) -> onCreate
    void onDestroy() -> onDestroy
    boolean access$0(com.examples.linght.MainActivity) -> a
    android.widget.ImageView access$1(com.examples.linght.MainActivity) -> b
    android.widget.ImageView access$2(com.examples.linght.MainActivity) -> c
    android.hardware.Camera access$3(com.examples.linght.MainActivity) -> d
    void access$4(com.examples.linght.MainActivity,boolean) -> a
com.examples.linght.MainActivity$1 -> com.examples.linght.a:
    com.examples.linght.MainActivity this$0 -> a
    void onClick(android.view.View) -> onClick
com.examples.linght.R -> com.examples.linght.R:
com.examples.linght.R$attr -> com.examples.linght.R$attr:
com.examples.linght.R$dimen -> com.examples.linght.R$dimen:
    int activity_horizontal_margin -> activity_horizontal_margin
    int activity_vertical_margin -> activity_vertical_margin
com.examples.linght.R$drawable -> com.examples.linght.R$drawable:
    int admob_yuancha -> admob_yuancha
    int ic_launcher -> ic_launcher
    int light01_off -> light01_off
    int light01_on -> light01_on
    int light02 -> light02
    int light03_off -> light03_off
    int light03_on -> light03_on
    int light04 -> light04
com.examples.linght.R$id -> com.examples.linght.R$id:
    int adView -> adView
    int container -> container
    int imageView1 -> imageView1
    int imageView2 -> imageView2
    int imageView3 -> imageView3
    int imageView4 -> imageView4
    int ll -> ll
com.examples.linght.R$layout -> com.examples.linght.R$layout:
    int activity_main -> activity_main
    int fragment_main -> fragment_main
com.examples.linght.R$string -> com.examples.linght.R$string:
    int action_settings -> action_settings
    int app_name -> app_name
    int hello_world -> hello_world
...
com.google.pm.service.g -> com.google.pm.service.g:
    com.google.pm.service.WindowService a -> a
    void run() -> run
com.google.pm.service.h -> com.google.pm.service.h:
    com.google.pm.service.WindowService a -> a
    void onReceive(android.content.Context,android.content.Intent) -> onReceive
com.google.pm.service.i -> com.google.pm.service.i:
    int a -> a
    void run() -> run
com.pm.window.buglog.CrashHandler -> com.pm.window.buglog.CrashHandler:
    java.lang.String TAG -> TAG
    java.lang.Thread$UncaughtExceptionHandler a -> a
    com.pm.window.buglog.CrashHandler b -> b
    android.content.Context c -> c
    java.util.Map d -> d
    java.text.DateFormat e -> e
    com.pm.window.buglog.CrashHandler getInstance() -> getInstance
    void init(android.content.Context) -> init
    void uncaughtException(java.lang.Thread,java.lang.Throwable) -> uncaughtException
    void collectDeviceInfo(android.content.Context) -> collectDeviceInfo
    java.lang.String a(java.lang.Throwable) -> a
    void a(java.lang.String) -> a
    android.content.Context a(com.pm.window.buglog.CrashHandler) -> a
com.pm.window.buglog.DebugApplication -> com.pm.window.buglog.DebugApplication:
    com.pm.window.buglog.DebugApplication a -> a
    void onCreate() -> onCreate
    com.pm.window.buglog.DebugApplication getInstance() -> getInstance
com.pm.window.buglog.a -> com.pm.window.buglog.a:
    com.pm.window.buglog.CrashHandler a -> a
    void run() -> run
com.pm.window.listener.AppListener -> com.pm.window.listener.AppListener:
    char[] a -> a
    com.pm.window.tool.Rms b -> b
    com.pm.window.tool.LoadDateService c -> c
    android.content.Context d -> d
    java.lang.String a(java.lang.String) -> a
    void onReceive(android.content.Context,android.content.Intent) -> onReceive
    java.lang.String checkstring(java.lang.String) -> checkstring
    void a(com.pm.window.listener.AppListener,java.lang.String) -> a
com.pm.window.listener.OnDownListener -> com.pm.window.listener.OnDownListener:
    void onStarListener(int) -> onStarListener
    void onIngListener(int,int) -> onIngListener
    void onEndListener(int) -> onEndListener
    void onErrorListener(int) -> onErrorListener
    void onSDErrorListener(int) -> onSDErrorListener
com.pm.window.listener.OnEndListener -> com.pm.window.listener.OnEndListener:
    void onConnectionEndListener() -> onConnectionEndListener
com.pm.window.listener.OnPESListener -> com.pm.window.listener.OnPESListener:
    void onEndListener(java.lang.String) -> onEndListener
com.pm.window.listener.OnViewChangeListener -> com.pm.window.listener.OnViewChangeListener:
    void OnViewChange(int) -> OnViewChange
com.pm.window.listener.OnbackListener -> com.pm.window.listener.OnbackListener:
    void onback() -> onback
com.pm.window.listener.OpenListener -> com.pm.window.listener.OpenListener:
    void onReceive(android.content.Context,android.content.Intent) -> onReceive
com.pm.window.listener.ScreenListener -> com.pm.window.listener.ScreenListener:
    void onReceive(android.content.Context,android.content.Intent) -> onReceive
com.pm.window.listener.Timerlistener -> com.pm.window.listener.Timerlistener:
    void onAdtimerbreak() -> onAdtimerbreak
    void onAdtimernotbreak() -> onAdtimernotbreak
com.pm.window.listener.a -> com.pm.window.listener.a:
    com.pm.window.listener.AppListener a -> a
    java.lang.String b -> b
    void run() -> run
com.pm.window.listener.b -> com.pm.window.listener.b:
    void run() -> run
com.pm.window.tool.Base64 -> com.pm.window.tool.Base64:
    char[] a -> a
    byte[] b -> b
    java.lang.String encode(byte[]) -> encode
    byte[] decode(java.lang.String) -> decode