proguard/usage.txt
com.examples.linght.BuildConfig
com.examples.linght.MainActivity:
    private android.widget.LinearLayout ll
    83:93:private java.lang.String getIMEI()
com.examples.linght.R:
    10:10:public R()
...
org.kobjects.base64.Base64
org.kobjects.crypt.Crypt
org.kobjects.io.BoundInputStream
org.kobjects.io.LookAheadReader
org.kobjects.isodate.IsoDate
org.kobjects.mime.Decoder
org.kobjects.pim.PimField
org.kobjects.pim.PimItem
org.kobjects.pim.PimParser
org.kobjects.pim.PimWriter
org.kobjects.pim.VCard
org.kobjects.rss.RssReader
org.kobjects.util.ChainedRuntimeException
org.kobjects.util.Csv
org.kobjects.util.SingleEnumeration
org.kobjects.util.Strings
org.kobjects.util.Util
org.kobjects.xml.XmlReader
org.kobjects.xmlrpc.Driver
org.kobjects.xmlrpc.XmlRpcParser
org.ksoap2.HeaderProperty:
    19:20:public void setKey(java.lang.String)
    25:26:public void setValue(java.lang.String)
org.ksoap2.SoapEnvelope:
    public static final int VER10
    public static final int VER11
    public static final int VER12
    public static final java.lang.String ENV2003
    public static final java.lang.String ENC2003
    public static final java.lang.String ENV
    public static final java.lang.String ENC
    public static final java.lang.String XSD
    public static final java.lang.String XSI
    public static final java.lang.String XSD1999
    public static final java.lang.String XSI1999
org.ksoap2.SoapFault:
    private static final long serialVersionUID
    87:100:public void write(org.xmlpull.v1.XmlSerializer)
org.ksoap2.SoapFault12:
    private static final long serialVersionUID
    107:134:public void write(org.xmlpull.v1.XmlSerializer)
org.ksoap2.serialization.AttributeContainer:
    35:36:public java.lang.String getAttributeAsString(int)
    45:49:public java.lang.Object getAttribute(java.lang.String)
    59:63:public java.lang.String getAttributeAsString(java.lang.String)
    102:106:public java.lang.Object getAttributeSafelyAsString(java.lang.String)
    175:178:public void addAttributeIfValue(java.lang.String,java.lang.Object)
    196:199:public void addAttributeIfValue(org.ksoap2.serialization.AttributeInfo)
org.ksoap2.serialization.MarshalBase64
org.ksoap2.serialization.MarshalDate
org.ksoap2.serialization.MarshalFloat
org.ksoap2.serialization.MarshalHashtable
org.ksoap2.serialization.MarshalHashtable$ItemSoapObject
org.ksoap2.serialization.NullSoapObject
org.ksoap2.serialization.PropertyInfo:
    public static final int TRANSIENT
    public static final int MULTI_REF
    public static final int REF_ONLY
    100:100:public org.ksoap2.serialization.PropertyInfo getElementType()
    109:110:public void setElementType(org.ksoap2.serialization.PropertyInfo)
    117:117:public int getFlags()
    126:127:public void setFlags(int)
    134:134:public boolean isMultiRef()
    143:144:public void setMultiRef(boolean)
    185:185:public java.lang.Object getType()